# JRE version: Java(TM) SE Runtime Environment (8.0_331-b09) (build 1.8.0_331-b09)
# Java VM: Java HotSpot(TM) 64-Bit Server VM (25.331-b09 mixed mode bsd-amd64 compressed oops)
Heap:
 PSYoungGen      total 260096K, used 13784K [0x0000000795580000, 0x00000007a9400000, 0x00000007c0000000)
  eden space 244736K, 0% used [0x0000000795580000,0x0000000795580000,0x00000007a4480000)
  from space 15360K, 89% used [0x00000007a4480000,0x00000007a51f6018,0x00000007a5380000)
  to   space 16896K, 0% used [0x00000007a8380000,0x00000007a8380000,0x00000007a9400000)
 ParOldGen       total 62976K, used 18467K [0x0000000740000000, 0x0000000743d80000, 0x0000000795580000)
  object space 62976K, 29% used [0x0000000740000000,0x0000000741208e70,0x0000000743d80000)
 Metaspace       used 56092K, capacity 58978K, committed 59096K, reserved 1099776K
  class space    used 7869K, capacity 8375K, committed 8448K, reserved 1048576K
GC Heap History (10 events):
Event: 17.996 GC heap after
Heap after GC invocations=7 (full 1):
 PSYoungGen      total 138240K, used 9711K [0x0000000795580000, 0x000000079eb80000, 0x00000007c0000000)
  eden space 128512K, 0% used [0x0000000795580000,0x0000000795580000,0x000000079d300000)
  from space 9728K, 99% used [0x000000079de80000,0x000000079e7fbc38,0x000000079e800000)
  to   space 11776K, 0% used [0x000000079d300000,0x000000079d300000,0x000000079de80000)
 ParOldGen       total 44032K, used 9904K [0x0000000740000000, 0x0000000742b00000, 0x0000000795580000)
  object space 44032K, 22% used [0x0000000740000000,0x00000007409ac1e8,0x0000000742b00000)
 Metaspace       used 31686K, capacity 33602K, committed 33920K, reserved 1079296K
  class space    used 4257K, capacity 4617K, committed 4736K, reserved 1048576K
}
Event: 18.201 GC heap before
{Heap before GC invocations=8 (full 1):
 PSYoungGen      total 138240K, used 29049K [0x0000000795580000, 0x000000079eb80000, 0x00000007c0000000)
  eden space 128512K, 15% used [0x0000000795580000,0x0000000796862b38,0x000000079d300000)
  from space 9728K, 99% used [0x000000079de80000,0x000000079e7fbc38,0x000000079e800000)
  to   space 11776K, 0% used [0x000000079d300000,0x000000079d300000,0x000000079de80000)
 ParOldGen       total 44032K, used 9904K [0x0000000740000000, 0x0000000742b00000, 0x0000000795580000)
  object space 44032K, 22% used [0x0000000740000000,0x00000007409ac1e8,0x0000000742b00000)
 Metaspace       used 33306K, capacity 35298K, committed 35456K, reserved 1079296K
  class space    used 4516K, capacity 4883K, committed 4992K, reserved 1048576K
Event: 18.212 GC heap after
Heap after GC invocations=8 (full 1):
 PSYoungGen      total 140288K, used 8778K [0x0000000795580000, 0x00000007a6280000, 0x00000007c0000000)
  eden space 128512K, 0% used [0x0000000795580000,0x0000000795580000,0x000000079d300000)
  from space 11776K, 74% used [0x000000079d300000,0x000000079db929a0,0x000000079de80000)
  to   space 11776K, 0% used [0x00000007a5700000,0x00000007a5700000,0x00000007a6280000)
 ParOldGen       total 44032K, used 9912K [0x0000000740000000, 0x0000000742b00000, 0x0000000795580000)
  object space 44032K, 22% used [0x0000000740000000,0x00000007409ae1e8,0x0000000742b00000)
 Metaspace       used 33306K, capacity 35298K, committed 35456K, reserved 1079296K
  class space    used 4516K, capacity 4883K, committed 4992K, reserved 1048576K
}
Event: 18.212 GC heap before
{Heap before GC invocations=9 (full 2):
 PSYoungGen      total 140288K, used 8778K [0x0000000795580000, 0x00000007a6280000, 0x00000007c0000000)
  eden space 128512K, 0% used [0x0000000795580000,0x0000000795580000,0x000000079d300000)
  from space 11776K, 74% used [0x000000079d300000,0x000000079db929a0,0x000000079de80000)
  to   space 11776K, 0% used [0x00000007a5700000,0x00000007a5700000,0x00000007a6280000)
 ParOldGen       total 44032K, used 9912K [0x0000000740000000, 0x0000000742b00000, 0x0000000795580000)
  object space 44032K, 22% used [0x0000000740000000,0x00000007409ae1e8,0x0000000742b00000)
 Metaspace       used 33306K, capacity 35298K, committed 35456K, reserved 1079296K
  class space    used 4516K, capacity 4883K, committed 4992K, reserved 1048576K
Event: 18.263 GC heap after
Heap after GC invocations=9 (full 2):
 PSYoungGen      total 140288K, used 0K [0x0000000795580000, 0x00000007a6280000, 0x00000007c0000000)
  eden space 128512K, 0% used [0x0000000795580000,0x0000000795580000,0x000000079d300000)
  from space 11776K, 0% used [0x000000079d300000,0x000000079d300000,0x000000079de80000)
  to   space 11776K, 0% used [0x00000007a5700000,0x00000007a5700000,0x00000007a6280000)
 ParOldGen       total 62976K, used 13323K [0x0000000740000000, 0x0000000743d80000, 0x0000000795580000)
  object space 62976K, 21% used [0x0000000740000000,0x0000000740d02fa8,0x0000000743d80000)
 Metaspace       used 33306K, capacity 35298K, committed 35456K, reserved 1079296K
  class space    used 4516K, capacity 4883K, committed 4992K, reserved 1048576K
}
Event: 19.820 GC heap before
{Heap before GC invocations=10 (full 2):
 PSYoungGen      total 140288K, used 128512K [0x0000000795580000, 0x00000007a6280000, 0x00000007c0000000)
  eden space 128512K, 100% used [0x0000000795580000,0x000000079d300000,0x000000079d300000)
  from space 11776K, 0% used [0x000000079d300000,0x000000079d300000,0x000000079de80000)
  to   space 11776K, 0% used [0x00000007a5700000,0x00000007a5700000,0x00000007a6280000)
 ParOldGen       total 62976K, used 13323K [0x0000000740000000, 0x0000000743d80000, 0x0000000795580000)
  object space 62976K, 21% used [0x0000000740000000,0x0000000740d02fa8,0x0000000743d80000)
 Metaspace       used 48914K, capacity 51330K, committed 51456K, reserved 1093632K
  class space    used 6943K, capacity 7376K, committed 7424K, reserved 1048576K
Event: 19.844 GC heap after
Heap after GC invocations=10 (full 2):
 PSYoungGen      total 225792K, used 11751K [0x0000000795580000, 0x00000007a6280000, 0x00000007c0000000)
  eden space 214016K, 0% used [0x0000000795580000,0x0000000795580000,0x00000007a2680000)
  from space 11776K, 99% used [0x00000007a5700000,0x00000007a6279dd0,0x00000007a6280000)
  to   space 15360K, 0% used [0x00000007a4480000,0x00000007a4480000,0x00000007a5380000)
 ParOldGen       total 62976K, used 18459K [0x0000000740000000, 0x0000000743d80000, 0x0000000795580000)
  object space 62976K, 29% used [0x0000000740000000,0x0000000741206e70,0x0000000743d80000)
 Metaspace       used 48914K, capacity 51330K, committed 51456K, reserved 1093632K
  class space    used 6943K, capacity 7376K, committed 7424K, reserved 1048576K
}
Event: 31.468 GC heap before
{Heap before GC invocations=11 (full 2):
 PSYoungGen      total 225792K, used 97004K [0x0000000795580000, 0x00000007a6280000, 0x00000007c0000000)
  eden space 214016K, 39% used [0x0000000795580000,0x000000079a8c1600,0x00000007a2680000)
  from space 11776K, 99% used [0x00000007a5700000,0x00000007a6279dd0,0x00000007a6280000)
  to   space 15360K, 0% used [0x00000007a4480000,0x00000007a4480000,0x00000007a5380000)
 ParOldGen       total 62976K, used 18459K [0x0000000740000000, 0x0000000743d80000, 0x0000000795580000)
  object space 62976K, 29% used [0x0000000740000000,0x0000000741206e70,0x0000000743d80000)
 Metaspace       used 56092K, capacity 58978K, committed 59096K, reserved 1099776K
  class space    used 7869K, capacity 8375K, committed 8448K, reserved 1048576K
Event: 31.511 GC heap after
Heap after GC invocations=11 (full 2):
 PSYoungGen      total 260096K, used 13784K [0x0000000795580000, 0x00000007a9400000, 0x00000007c0000000)
  eden space 244736K, 0% used [0x0000000795580000,0x0000000795580000,0x00000007a4480000)
  from space 15360K, 89% used [0x00000007a4480000,0x00000007a51f6018,0x00000007a5380000)
  to   space 16896K, 0% used [0x00000007a8380000,0x00000007a8380000,0x00000007a9400000)
 ParOldGen       total 62976K, used 18467K [0x0000000740000000, 0x0000000743d80000, 0x0000000795580000)
  object space 62976K, 29% used [0x0000000740000000,0x0000000741208e70,0x0000000743d80000)
 Metaspace       used 56092K, capacity 58978K, committed 59096K, reserved 1099776K
  class space    used 7869K, capacity 8375K, committed 8448K, reserved 1048576K
}
Event: 31.511 GC heap before
{Heap before GC invocations=12 (full 3):
 PSYoungGen      total 260096K, used 13784K [0x0000000795580000, 0x00000007a9400000, 0x00000007c0000000)
  eden space 244736K, 0% used [0x0000000795580000,0x0000000795580000,0x00000007a4480000)
  from space 15360K, 89% used [0x00000007a4480000,0x00000007a51f6018,0x00000007a5380000)
  to   space 16896K, 0% used [0x00000007a8380000,0x00000007a8380000,0x00000007a9400000)
 ParOldGen       total 62976K, used 18467K [0x0000000740000000, 0x0000000743d80000, 0x0000000795580000)
  object space 62976K, 29% used [0x0000000740000000,0x0000000741208e70,0x0000000743d80000)
 Metaspace       used 56092K, capacity 58978K, committed 59096K, reserved 1099776K
  class space    used 7869K, capacity 8375K, committed 8448K, reserved 1048576K

